This is pdfTeX, Version 3.141592653-2.6-1.40.25 (MiKTeX 23.4) (preloaded format=pdflatex 2024.4.26)  28 JUN 2024 17:16
entering extended mode
 restricted \write18 enabled.
 file:line:error style messages enabled.
 %&-line parsing enabled.
**c:/Users/M.Frank/Documents/GitHub/2024_CMS_thermal_cross_linking/CMS_2024/contribution.tex
(c:/Users/M.Frank/Documents/GitHub/2024_CMS_thermal_cross_linking/CMS_2024/contribution.tex
LaTeX2e <2022-11-01> patch level 1
L3 programming layer <2023-03-30> (Definitions/elsarticle.cls

LaTeX Warning: You have requested document class `Definitions/elsarticle',
               but the document class provides `elsarticle'.

Document Class: elsarticle 2010/06/11, 1.21: Elsevier Ltd
\@bls=\dimen140
(C:\Program Files\MiKTeX\tex/latex/base\article.cls
Document Class: article 2022/07/02 v1.4n Standard LaTeX document class
(C:\Program Files\MiKTeX\tex/latex/base\size10.clo
File: size10.clo 2022/07/02 v1.4n Standard LaTeX file (size option)
)
\c@part=\count185
\c@section=\count186
\c@subsection=\count187
\c@subsubsection=\count188
\c@paragraph=\count189
\c@subparagraph=\count190
\c@figure=\count191
\c@table=\count192
\abovecaptionskip=\skip48
\belowcaptionskip=\skip49
\bibindent=\dimen141
) (C:\Program Files\MiKTeX\tex/latex/graphics\graphicx.sty